Arguments: 
  D:\前端学习\nodejs\node-安装\node.exe C:\Users\弓箭\AppData\Roaming\npm\node_modules\yarn\bin\yarn.js add rc-banner-anim --save

PATH: 
  C:\Program Files (x86)\Intel\iCLS Client\;C:\Program Files\Intel\iCLS Client\;C:\windows\system32;C:\windows;C:\windows\System32\Wbem;C:\windows\System32\WindowsPowerShell\v1.0\;C:\Program Files (x86)\Intel\Intel(R) Management Engine Components\DAL;C:\Program Files\Intel\Intel(R) Management Engine Components\DAL;C:\Program Files (x86)\Intel\Intel(R) Management Engine Components\IPT;C:\Program Files\Intel\Intel(R) Management Engine Components\IPT;C:\Program Files (x86)\NVIDIA Corporation\PhysX\Common;C:\Program Files\Intel\WiFi\bin\;C:\Program Files\Common Files\Intel\WirelessCommon\;C:\WINDOWS\system32;C:\WINDOWS;C:\WINDOWS\System32\Wbem;C:\WINDOWS\System32\WindowsPowerShell\v1.0\;C:\Program Files (x86)\Common Files\Thunder Network\KanKan\Codecs;D:\Git\Git\cmd;D:\前端学习\nodejs\;C:\Users\弓箭\AppData\Local\Microsoft\WindowsApps;D:\VSCode\Microsoft VS Code\bin;C:\Users\弓箭\AppData\Roaming\npm;D:\前端学习\nodejs\node-安装\

Yarn version: 
  1.2.1

Node version: 
  8.4.0

Platform: 
  win32 x64

npm manifest: 
  {
    "name": "jianshu-case",
    "version": "1.0.0",
    "description": "",
    "main": "index.js",
    "scripts": {
      "test": "echo \"Error: no test specified\" && exit 1"
    },
    "author": "",
    "license": "ISC",
    "dependencies": {
      "axios": "^0.16.2",
      "jquery": "^3.2.1",
      "prop-types": "^15.5.8",
      "react": "^15.5.4",
      "react-dom": "^15.5.4",
      "react-router": "^4.1.1",
      "react-router-dom": "^4.1.1",
      "semantic-ui": "^2.2.10"
    },
    "devDependencies": {
      "babel-core": "^6.24.0",
      "babel-loader": "^6.4.1",
      "babel-preset-env": "^1.3.2",
      "babel-preset-react": "^6.23.0",
      "css-loader": "^0.28.0",
      "express": "^4.15.2",
      "file-loader": "^0.11.1",
      "html-webpack-plugin": "^2.28.0",
      "node-sass": "^4.5.2",
      "sass-loader": "^6.0.3",
      "style-loader": "^0.16.1",
      "url-loader": "^0.5.8",
      "webpack": "^2.4.1",
      "webpack-dev-middleware": "^1.10.1",
      "webpack-hot-middleware": "^2.18.0"
    }
  }

yarn manifest: 
  No manifest

Lockfile: 
  No lockfile

Trace: 
  Error: EPERM: operation not permitted, unlink 'D:\前端学习\react\react-advanced\1.4-jianshu-case\node_modules\node-sass\vendor\win32-x64-57\binding.node'
